<?xml version="1.0" encoding="UTF-8"?>
<testsuite name="seedu.duke.PersonTest" tests="2" skipped="0" failures="0" errors="0" timestamp="2021-10-18T02:30:20" hostname="DESKTOP-6SM8N46" time="0.001">
  <properties/>
  <testcase name="addFoodToIndividualFoodOrders_menuIndexOutOfBounds_expectException()" classname="seedu.duke.PersonTest" time="0.0"/>
  <testcase name="addFoodToIndividualFoodOrders_menuIndexLessThanOne_expectException()" classname="seedu.duke.PersonTest" time="0.0"/>
  <system-out><![CDATA[]]></system-out>
  <system-err><![CDATA[]]></system-err>
</testsuite>
